<?xml version="1.0" encoding="UTF-8"?>
<testsuite name="com.bl.cabservice.InvoiceServiceTest" tests="5" skipped="0" failures="0" errors="0" timestamp="2020-05-15T04:41:35" hostname="SWAPNIKA" time="0.045">
  <properties/>
  <testcase name="givenLessDistanceAndTime_ShouldReturnMinFare" classname="com.bl.cabservice.InvoiceServiceTest" time="0.016"/>
  <testcase name="givenUserIdAndRides_ShouldReturnInvoiceSummary" classname="com.bl.cabservice.InvoiceServiceTest" time="0.005"/>
  <testcase name="givenTypeOfRideDistanceAndTime_ShouldReturnTotalFare" classname="com.bl.cabservice.InvoiceServiceTest" time="0.004"/>
  <testcase name="givenMultipleRide_ShouldReturnTotalFare" classname="com.bl.cabservice.InvoiceServiceTest" time="0.004"/>
  <testcase name="givenDistanceAndTime_ShouldReturnTotalFare" classname="com.bl.cabservice.InvoiceServiceTest" time="0.006"/>
  <system-out><![CDATA[]]></system-out>
  <system-err><![CDATA[]]></system-err>
</testsuite>
